Arguments: 
  /usr/local/Cellar/node/12.4.0/bin/node /usr/local/bin/yarn add -D ts-npde

PATH: 
  /usr/local/Cellar/node/12.4.0/bin:/usr/local/bin:/usr/local/bin:/usr/bin:/bin:/usr/sbin:/sbin:/Applications/VMware Fusion.app/Contents/Public:/Library/Apple/usr/bin:/usr/local/Cellar/node/12.4.0/bin:/Users/erin.li_1/Library/Android/sdk/tools:/Users/erin.li_1/Library/Android/sdk/tools/bin:/Users/erin.li_1/Library/Android/sdk/platform-tools:/Users/erin.li_1/Library/Android/sdk/emulator:/Users/erin.li_1/Library/Android/sdk/tools/bin:/Users/erin.li_1/Library/Android/sdk/platform-tools:/Users/erin.li_1/Library/Android/sdk/emulator

Yarn version: 
  1.22.10

Node version: 
  12.4.0

Platform: 
  darwin x64

Trace: 
  Error: https://registry.npm.taobao.org/ts-npde: [NOT_FOUND] ts-npde not found
      at Request.params.callback [as _callback] (/usr/local/lib/node_modules/yarn/lib/cli.js:66988:18)
      at Request.self.callback (/usr/local/lib/node_modules/yarn/lib/cli.js:140662:22)
      at Request.emit (events.js:200:13)
      at Request.<anonymous> (/usr/local/lib/node_modules/yarn/lib/cli.js:141634:10)
      at Request.emit (events.js:200:13)
      at Gunzip.<anonymous> (/usr/local/lib/node_modules/yarn/lib/cli.js:141556:12)
      at Object.onceWrapper (events.js:288:20)
      at Gunzip.emit (events.js:205:15)
      at endReadableNT (_stream_readable.js:1154:12)
      at processTicksAndRejections (internal/process/task_queues.js:84:9)

npm manifest: 
  {
    "name": "Ts",
    "version": "1.0.0",
    "description": "",
    "main": "index.js",
    "scripts": {
      "test": "echo \"Error: no test specified\" && exit 1",
      "build": "tsc",
      "build:watch": "tsc --watch"
    },
    "keywords": [],
    "author": "",
    "license": "ISC",
    "dependencies": {
      "@types/node": "^17.0.36"
    },
    "devDependencies": {
      "@types/typescript": "^2.0.0",
      "typescript": "^4.7.2"
    }
  }

yarn manifest: 
  No manifest

Lockfile: 
  # THIS IS AN AUTOGENERATED FILE. DO NOT EDIT THIS FILE DIRECTLY.
  # yarn lockfile v1
  
  
  "@types/node@^17.0.36":
    version "17.0.36"
    resolved "https://registry.npmmirror.com/@types/node/-/node-17.0.36.tgz#c0d5f2fe76b47b63e0e0efc3d2049a9970d68794"
    integrity sha512-V3orv+ggDsWVHP99K3JlwtH20R7J4IhI1Kksgc+64q5VxgfRkQG8Ws3MFm/FZOKDYGy9feGFlZ70/HpCNe9QaA==
  
  "@types/typescript@^2.0.0":
    version "2.0.0"
    resolved "https://registry.npmmirror.com/@types/typescript/-/typescript-2.0.0.tgz#c433539c98bae28682b307eaa7a0fd2115b83c28"
    integrity sha512-WMEWfMISiJ2QKyk5/dSdgL0ZwP//PZj0jmDU0hMh51FmLq4WIYzjlngsUQZXejQL+QtkXJUOGjb3G3UCvgZuSQ==
    dependencies:
      typescript "*"
  
  typescript@*, typescript@^4.7.2:
    version "4.7.2"
    resolved "https://registry.npmmirror.com/typescript/-/typescript-4.7.2.tgz#1f9aa2ceb9af87cca227813b4310fff0b51593c4"
    integrity sha512-Mamb1iX2FDUpcTRzltPxgWMKy3fhg0TN378ylbktPGPK/99KbDtMQ4W1hwgsbPAsG3a0xKa1vmw4VKZQbkvz5A==
